[0m17:25:59.863817 [debug] [MainThread]: Sending event: {'category': 'dbt', 'action': 'invocation', 'label': 'start', 'context': [<snowplow_tracker.self_describing_json.SelfDescribingJson object at 0x1051fb160>, <snowplow_tracker.self_describing_json.SelfDescribingJson object at 0x107058610>, <snowplow_tracker.self_describing_json.SelfDescribingJson object at 0x107032250>]}


============================== 17:25:59.867072 | 8df83e43-af04-4bed-8333-38affb518a1f ==============================
[0m17:25:59.867072 [info ] [MainThread]: Running with dbt=1.7.4
[0m17:25:59.867414 [debug] [MainThread]: running dbt with arguments {'printer_width': '80', 'indirect_selection': 'eager', 'log_cache_events': 'False', 'write_json': 'True', 'partial_parse': 'True', 'cache_selected_only': 'False', 'profiles_dir': '/Users/arielsoothy/PycharmProjects/dbt_ods', 'version_check': 'True', 'warn_error': 'None', 'log_path': '/Users/arielsoothy/PycharmProjects/dbt_ods/logs', 'fail_fast': 'False', 'debug': 'False', 'use_colors': 'True', 'use_experimental_parser': 'False', 'no_print': 'None', 'quiet': 'False', 'log_format': 'default', 'static_parser': 'True', 'invocation_command': 'dbt debug', 'introspect': 'True', 'target_path': 'None', 'warn_error_options': 'WarnErrorOptions(include=[], exclude=[])', 'send_anonymous_usage_stats': 'True'}
[0m17:25:59.867769 [info ] [MainThread]: dbt version: 1.7.4
[0m17:25:59.867956 [info ] [MainThread]: python version: 3.9.6
[0m17:25:59.868137 [info ] [MainThread]: python path: /Users/arielsoothy/PycharmProjects/dbt_ods/.venv/bin/python
[0m17:25:59.868313 [info ] [MainThread]: os info: macOS-13.6-arm64-arm-64bit
[0m17:25:59.921620 [info ] [MainThread]: Using profiles dir at /Users/arielsoothy/PycharmProjects/dbt_ods
[0m17:25:59.921950 [info ] [MainThread]: Using profiles.yml file at /Users/arielsoothy/PycharmProjects/dbt_ods/profiles.yml
[0m17:25:59.922142 [info ] [MainThread]: Using dbt_project.yml file at /Users/arielsoothy/PycharmProjects/dbt_ods/dbt_project.yml
[0m17:25:59.966255 [info ] [MainThread]: Configuration:
[0m17:25:59.966599 [info ] [MainThread]:   profiles.yml file [[31mERROR invalid[0m]
[0m17:25:59.966800 [info ] [MainThread]:   dbt_project.yml file [[32mOK found and valid[0m]
[0m17:25:59.966970 [info ] [MainThread]: Required dependencies:
[0m17:25:59.967504 [debug] [MainThread]: Executing "git --help"
[0m17:26:00.016460 [debug] [MainThread]: STDOUT: "b"usage: git [-v | --version] [-h | --help] [-C <path>] [-c <name>=<value>]\n           [--exec-path[=<path>]] [--html-path] [--man-path] [--info-path]\n           [-p | --paginate | -P | --no-pager] [--no-replace-objects] [--bare]\n           [--git-dir=<path>] [--work-tree=<path>] [--namespace=<name>]\n           [--super-prefix=<path>] [--config-env=<name>=<envvar>]\n           <command> [<args>]\n\nThese are common Git commands used in various situations:\n\nstart a working area (see also: git help tutorial)\n   clone     Clone a repository into a new directory\n   init      Create an empty Git repository or reinitialize an existing one\n\nwork on the current change (see also: git help everyday)\n   add       Add file contents to the index\n   mv        Move or rename a file, a directory, or a symlink\n   restore   Restore working tree files\n   rm        Remove files from the working tree and from the index\n\nexamine the history and state (see also: git help revisions)\n   bisect    Use binary search to find the commit that introduced a bug\n   diff      Show changes between commits, commit and working tree, etc\n   grep      Print lines matching a pattern\n   log       Show commit logs\n   show      Show various types of objects\n   status    Show the working tree status\n\ngrow, mark and tweak your common history\n   branch    List, create, or delete branches\n   commit    Record changes to the repository\n   merge     Join two or more development histories together\n   rebase    Reapply commits on top of another base tip\n   reset     Reset current HEAD to the specified state\n   switch    Switch branches\n   tag       Create, list, delete or verify a tag object signed with GPG\n\ncollaborate (see also: git help workflows)\n   fetch     Download objects and refs from another repository\n   pull      Fetch from and integrate with another repository or a local branch\n   push      Update remote refs along with associated objects\n\n'git help -a' and 'git help -g' list available subcommands and some\nconcept guides. See 'git help <command>' or 'git help <concept>'\nto read about a specific subcommand or concept.\nSee 'git help git' for an overview of the system.\n""
[0m17:26:00.017127 [debug] [MainThread]: STDERR: "b''"
[0m17:26:00.017384 [info ] [MainThread]:  - git [[32mOK found[0m]

[0m17:26:00.017599 [info ] [MainThread]: Connection test skipped since no profile was found
[0m17:26:00.017789 [info ] [MainThread]: [31m1 check failed:[0m
[0m17:26:00.017960 [info ] [MainThread]: Profile loading failed for the following reason:
Runtime Error
  Credentials in profile "dbt_ods", target "dev" invalid: '<database_port>' is not of type 'integer'


[0m17:26:00.029526 [debug] [MainThread]: Resource report: {"command_name": "debug", "command_wall_clock_time": 0.20799354, "process_user_time": 1.28398, "process_kernel_time": 0.21708, "process_mem_max_rss": "101072896", "command_success": false, "process_in_blocks": "0", "process_out_blocks": "0"}
[0m17:26:00.030059 [debug] [MainThread]: Command `dbt debug` failed at 17:26:00.029965 after 0.21 seconds
[0m17:26:00.030398 [debug] [MainThread]: Sending event: {'category': 'dbt', 'action': 'invocation', 'label': 'end', 'context': [<snowplow_tracker.self_describing_json.SelfDescribingJson object at 0x1051fb160>, <snowplow_tracker.self_describing_json.SelfDescribingJson object at 0x10731df70>, <snowplow_tracker.self_describing_json.SelfDescribingJson object at 0x107032250>]}
[0m17:26:00.030696 [debug] [MainThread]: Flushing usage events
[0m17:27:56.071323 [debug] [MainThread]: Sending event: {'category': 'dbt', 'action': 'invocation', 'label': 'start', 'context': [<snowplow_tracker.self_describing_json.SelfDescribingJson object at 0x10457b6d0>, <snowplow_tracker.self_describing_json.SelfDescribingJson object at 0x1062c1700>, <snowplow_tracker.self_describing_json.SelfDescribingJson object at 0x1062c1a30>]}


============================== 17:27:56.074276 | 08d0bfff-448b-4a35-b16f-f0ae3361cd2a ==============================
[0m17:27:56.074276 [info ] [MainThread]: Running with dbt=1.7.4
[0m17:27:56.074642 [debug] [MainThread]: running dbt with arguments {'printer_width': '80', 'indirect_selection': 'eager', 'log_cache_events': 'False', 'write_json': 'True', 'partial_parse': 'True', 'cache_selected_only': 'False', 'warn_error': 'None', 'fail_fast': 'False', 'profiles_dir': '/Users/arielsoothy/PycharmProjects/dbt_ods', 'log_path': '/Users/arielsoothy/PycharmProjects/dbt_ods/logs', 'version_check': 'True', 'debug': 'False', 'use_colors': 'True', 'use_experimental_parser': 'False', 'no_print': 'None', 'quiet': 'False', 'warn_error_options': 'WarnErrorOptions(include=[], exclude=[])', 'invocation_command': 'dbt debug', 'introspect': 'True', 'static_parser': 'True', 'target_path': 'None', 'log_format': 'default', 'send_anonymous_usage_stats': 'True'}
[0m17:27:56.075003 [info ] [MainThread]: dbt version: 1.7.4
[0m17:27:56.075189 [info ] [MainThread]: python version: 3.9.6
[0m17:27:56.075357 [info ] [MainThread]: python path: /Users/arielsoothy/PycharmProjects/dbt_ods/.venv/bin/python
[0m17:27:56.075529 [info ] [MainThread]: os info: macOS-13.6-arm64-arm-64bit
[0m17:27:56.143722 [info ] [MainThread]: Using profiles dir at /Users/arielsoothy/PycharmProjects/dbt_ods
[0m17:27:56.144092 [info ] [MainThread]: Using profiles.yml file at /Users/arielsoothy/PycharmProjects/dbt_ods/profiles.yml
[0m17:27:56.144311 [info ] [MainThread]: Using dbt_project.yml file at /Users/arielsoothy/PycharmProjects/dbt_ods/dbt_project.yml
[0m17:27:56.144515 [info ] [MainThread]: adapter type: singlestore
[0m17:27:56.144691 [info ] [MainThread]: adapter version: 1.6.0
[0m17:27:56.190541 [info ] [MainThread]: Configuration:
[0m17:27:56.190937 [info ] [MainThread]:   profiles.yml file [[32mOK found and valid[0m]
[0m17:27:56.191129 [info ] [MainThread]:   dbt_project.yml file [[32mOK found and valid[0m]
[0m17:27:56.191338 [info ] [MainThread]: Required dependencies:
[0m17:27:56.191845 [debug] [MainThread]: Executing "git --help"
[0m17:27:56.224214 [debug] [MainThread]: STDOUT: "b"usage: git [-v | --version] [-h | --help] [-C <path>] [-c <name>=<value>]\n           [--exec-path[=<path>]] [--html-path] [--man-path] [--info-path]\n           [-p | --paginate | -P | --no-pager] [--no-replace-objects] [--bare]\n           [--git-dir=<path>] [--work-tree=<path>] [--namespace=<name>]\n           [--super-prefix=<path>] [--config-env=<name>=<envvar>]\n           <command> [<args>]\n\nThese are common Git commands used in various situations:\n\nstart a working area (see also: git help tutorial)\n   clone     Clone a repository into a new directory\n   init      Create an empty Git repository or reinitialize an existing one\n\nwork on the current change (see also: git help everyday)\n   add       Add file contents to the index\n   mv        Move or rename a file, a directory, or a symlink\n   restore   Restore working tree files\n   rm        Remove files from the working tree and from the index\n\nexamine the history and state (see also: git help revisions)\n   bisect    Use binary search to find the commit that introduced a bug\n   diff      Show changes between commits, commit and working tree, etc\n   grep      Print lines matching a pattern\n   log       Show commit logs\n   show      Show various types of objects\n   status    Show the working tree status\n\ngrow, mark and tweak your common history\n   branch    List, create, or delete branches\n   commit    Record changes to the repository\n   merge     Join two or more development histories together\n   rebase    Reapply commits on top of another base tip\n   reset     Reset current HEAD to the specified state\n   switch    Switch branches\n   tag       Create, list, delete or verify a tag object signed with GPG\n\ncollaborate (see also: git help workflows)\n   fetch     Download objects and refs from another repository\n   pull      Fetch from and integrate with another repository or a local branch\n   push      Update remote refs along with associated objects\n\n'git help -a' and 'git help -g' list available subcommands and some\nconcept guides. See 'git help <command>' or 'git help <concept>'\nto read about a specific subcommand or concept.\nSee 'git help git' for an overview of the system.\n""
[0m17:27:56.224881 [debug] [MainThread]: STDERR: "b''"
[0m17:27:56.225125 [info ] [MainThread]:  - git [[32mOK found[0m]

[0m17:27:56.225356 [info ] [MainThread]: Connection:
[0m17:27:56.225591 [info ] [MainThread]:   host: dev-tlv-memagg01.gw-4u.com
[0m17:27:56.225758 [info ] [MainThread]:   port: 3306
[0m17:27:56.225924 [info ] [MainThread]:   user: dev-user
[0m17:27:56.226089 [info ] [MainThread]:   database: ods
[0m17:27:56.226254 [info ] [MainThread]:   schema: ods
[0m17:27:56.226585 [info ] [MainThread]: Registered adapter: singlestore=1.6.0
[0m17:27:56.233187 [debug] [MainThread]: Acquiring new singlestore connection 'debug'
[0m17:27:56.233792 [debug] [MainThread]: Using singlestore connection "debug"
[0m17:27:56.234005 [debug] [MainThread]: On debug: select 1 as id
[0m17:27:56.234187 [debug] [MainThread]: Opening a new connection, currently in state init
[0m17:27:57.822559 [debug] [MainThread]: On debug: No close available on handle
[0m17:27:57.824314 [info ] [MainThread]:   Connection test: [[31mERROR[0m]

[0m17:27:57.824678 [info ] [MainThread]: [31m1 check failed:[0m
[0m17:27:57.824988 [info ] [MainThread]: dbt was unable to connect to the specified database.
The database returned the following error:

  >Runtime Error
  Database Error
    1045: Access denied for user 'dev-user'@'172.30.120.240' (using password: YES)

Check your database credentials and try again. For more information, visit:
https://docs.getdbt.com/docs/configure-your-profile


[0m17:27:57.827637 [debug] [MainThread]: Resource report: {"command_name": "debug", "command_wall_clock_time": 1.7942396, "process_user_time": 1.304337, "process_kernel_time": 0.194443, "process_mem_max_rss": "104857600", "command_success": false, "process_in_blocks": "0", "process_out_blocks": "0"}
[0m17:27:57.828171 [debug] [MainThread]: Command `dbt debug` failed at 17:27:57.828045 after 1.79 seconds
[0m17:27:57.828540 [debug] [MainThread]: Connection 'debug' was properly closed.
[0m17:27:57.828865 [debug] [MainThread]: Sending event: {'category': 'dbt', 'action': 'invocation', 'label': 'end', 'context': [<snowplow_tracker.self_describing_json.SelfDescribingJson object at 0x10457b6d0>, <snowplow_tracker.self_describing_json.SelfDescribingJson object at 0x1065a6a00>, <snowplow_tracker.self_describing_json.SelfDescribingJson object at 0x10657efa0>]}
[0m17:27:57.829253 [debug] [MainThread]: Flushing usage events
[0m17:30:09.352134 [debug] [MainThread]: Sending event: {'category': 'dbt', 'action': 'invocation', 'label': 'start', 'context': [<snowplow_tracker.self_describing_json.SelfDescribingJson object at 0x104f70e50>, <snowplow_tracker.self_describing_json.SelfDescribingJson object at 0x1078f14f0>, <snowplow_tracker.self_describing_json.SelfDescribingJson object at 0x1078f12e0>]}


============================== 17:30:09.355737 | 29cf9e6c-629a-4594-b4b4-df1cb78e4031 ==============================
[0m17:30:09.355737 [info ] [MainThread]: Running with dbt=1.7.4
[0m17:30:09.356125 [debug] [MainThread]: running dbt with arguments {'printer_width': '80', 'indirect_selection': 'eager', 'write_json': 'True', 'log_cache_events': 'False', 'partial_parse': 'True', 'cache_selected_only': 'False', 'profiles_dir': '/Users/arielsoothy/PycharmProjects/dbt_ods', 'debug': 'False', 'version_check': 'True', 'log_path': '/Users/arielsoothy/PycharmProjects/dbt_ods/logs', 'warn_error': 'None', 'fail_fast': 'False', 'use_colors': 'True', 'use_experimental_parser': 'False', 'no_print': 'None', 'quiet': 'False', 'log_format': 'default', 'static_parser': 'True', 'introspect': 'True', 'invocation_command': 'dbt debug', 'target_path': 'None', 'warn_error_options': 'WarnErrorOptions(include=[], exclude=[])', 'send_anonymous_usage_stats': 'True'}
[0m17:30:09.356526 [info ] [MainThread]: dbt version: 1.7.4
[0m17:30:09.356726 [info ] [MainThread]: python version: 3.9.6
[0m17:30:09.356898 [info ] [MainThread]: python path: /Users/arielsoothy/PycharmProjects/dbt_ods/.venv/bin/python
[0m17:30:09.357070 [info ] [MainThread]: os info: macOS-13.6-arm64-arm-64bit
[0m17:30:09.425635 [info ] [MainThread]: Using profiles dir at /Users/arielsoothy/PycharmProjects/dbt_ods
[0m17:30:09.426034 [info ] [MainThread]: Using profiles.yml file at /Users/arielsoothy/PycharmProjects/dbt_ods/profiles.yml
[0m17:30:09.426250 [info ] [MainThread]: Using dbt_project.yml file at /Users/arielsoothy/PycharmProjects/dbt_ods/dbt_project.yml
[0m17:30:09.426451 [info ] [MainThread]: adapter type: singlestore
[0m17:30:09.426622 [info ] [MainThread]: adapter version: 1.6.0
[0m17:30:09.470790 [info ] [MainThread]: Configuration:
[0m17:30:09.471154 [info ] [MainThread]:   profiles.yml file [[32mOK found and valid[0m]
[0m17:30:09.471334 [info ] [MainThread]:   dbt_project.yml file [[32mOK found and valid[0m]
[0m17:30:09.471510 [info ] [MainThread]: Required dependencies:
[0m17:30:09.471919 [debug] [MainThread]: Executing "git --help"
[0m17:30:09.508618 [debug] [MainThread]: STDOUT: "b"usage: git [-v | --version] [-h | --help] [-C <path>] [-c <name>=<value>]\n           [--exec-path[=<path>]] [--html-path] [--man-path] [--info-path]\n           [-p | --paginate | -P | --no-pager] [--no-replace-objects] [--bare]\n           [--git-dir=<path>] [--work-tree=<path>] [--namespace=<name>]\n           [--super-prefix=<path>] [--config-env=<name>=<envvar>]\n           <command> [<args>]\n\nThese are common Git commands used in various situations:\n\nstart a working area (see also: git help tutorial)\n   clone     Clone a repository into a new directory\n   init      Create an empty Git repository or reinitialize an existing one\n\nwork on the current change (see also: git help everyday)\n   add       Add file contents to the index\n   mv        Move or rename a file, a directory, or a symlink\n   restore   Restore working tree files\n   rm        Remove files from the working tree and from the index\n\nexamine the history and state (see also: git help revisions)\n   bisect    Use binary search to find the commit that introduced a bug\n   diff      Show changes between commits, commit and working tree, etc\n   grep      Print lines matching a pattern\n   log       Show commit logs\n   show      Show various types of objects\n   status    Show the working tree status\n\ngrow, mark and tweak your common history\n   branch    List, create, or delete branches\n   commit    Record changes to the repository\n   merge     Join two or more development histories together\n   rebase    Reapply commits on top of another base tip\n   reset     Reset current HEAD to the specified state\n   switch    Switch branches\n   tag       Create, list, delete or verify a tag object signed with GPG\n\ncollaborate (see also: git help workflows)\n   fetch     Download objects and refs from another repository\n   pull      Fetch from and integrate with another repository or a local branch\n   push      Update remote refs along with associated objects\n\n'git help -a' and 'git help -g' list available subcommands and some\nconcept guides. See 'git help <command>' or 'git help <concept>'\nto read about a specific subcommand or concept.\nSee 'git help git' for an overview of the system.\n""
[0m17:30:09.509300 [debug] [MainThread]: STDERR: "b''"
[0m17:30:09.509566 [info ] [MainThread]:  - git [[32mOK found[0m]

[0m17:30:09.509787 [info ] [MainThread]: Connection:
[0m17:30:09.510012 [info ] [MainThread]:   host: dev-tlv-memagg01.gw-4u.com
[0m17:30:09.510187 [info ] [MainThread]:   port: 3306
[0m17:30:09.510360 [info ] [MainThread]:   user: dev-user
[0m17:30:09.510528 [info ] [MainThread]:   database: ods
[0m17:30:09.510681 [info ] [MainThread]:   schema: ods
[0m17:30:09.511000 [info ] [MainThread]: Registered adapter: singlestore=1.6.0
[0m17:30:09.515620 [debug] [MainThread]: Acquiring new singlestore connection 'debug'
[0m17:30:09.516238 [debug] [MainThread]: Using singlestore connection "debug"
[0m17:30:09.516445 [debug] [MainThread]: On debug: select 1 as id
[0m17:30:09.516626 [debug] [MainThread]: Opening a new connection, currently in state init
[0m17:30:11.010310 [debug] [MainThread]: On debug: No close available on handle
[0m17:30:11.011743 [info ] [MainThread]:   Connection test: [[31mERROR[0m]

[0m17:30:11.012035 [info ] [MainThread]: [31m1 check failed:[0m
[0m17:30:11.012257 [info ] [MainThread]: dbt was unable to connect to the specified database.
The database returned the following error:

  >Runtime Error
  Database Error
    1045: Access denied for user 'dev-user'@'172.30.120.240' (using password: YES)

Check your database credentials and try again. For more information, visit:
https://docs.getdbt.com/docs/configure-your-profile


[0m17:30:11.015032 [debug] [MainThread]: Resource report: {"command_name": "debug", "command_wall_clock_time": 1.7057931, "process_user_time": 1.301806, "process_kernel_time": 0.194245, "process_mem_max_rss": "104349696", "command_success": false, "process_in_blocks": "0", "process_out_blocks": "0"}
[0m17:30:11.015540 [debug] [MainThread]: Command `dbt debug` failed at 17:30:11.015440 after 1.71 seconds
[0m17:30:11.015893 [debug] [MainThread]: Connection 'debug' was properly closed.
[0m17:30:11.016164 [debug] [MainThread]: Sending event: {'category': 'dbt', 'action': 'invocation', 'label': 'end', 'context': [<snowplow_tracker.self_describing_json.SelfDescribingJson object at 0x104f70e50>, <snowplow_tracker.self_describing_json.SelfDescribingJson object at 0x107b21190>, <snowplow_tracker.self_describing_json.SelfDescribingJson object at 0x107899df0>]}
[0m17:30:11.016497 [debug] [MainThread]: Flushing usage events
[0m17:30:35.888611 [debug] [MainThread]: Sending event: {'category': 'dbt', 'action': 'invocation', 'label': 'start', 'context': [<snowplow_tracker.self_describing_json.SelfDescribingJson object at 0x11285f190>, <snowplow_tracker.self_describing_json.SelfDescribingJson object at 0x1148ad6a0>, <snowplow_tracker.self_describing_json.SelfDescribingJson object at 0x1148ad0d0>]}


============================== 17:30:35.891943 | 3c841e09-507f-4e63-aa7d-6e7be6cf462d ==============================
[0m17:30:35.891943 [info ] [MainThread]: Running with dbt=1.7.4
[0m17:30:35.892314 [debug] [MainThread]: running dbt with arguments {'printer_width': '80', 'indirect_selection': 'eager', 'log_cache_events': 'False', 'write_json': 'True', 'partial_parse': 'True', 'cache_selected_only': 'False', 'warn_error': 'None', 'version_check': 'True', 'debug': 'False', 'log_path': '/Users/arielsoothy/PycharmProjects/dbt_ods/logs', 'profiles_dir': '/Users/arielsoothy/PycharmProjects/dbt_ods', 'fail_fast': 'False', 'use_colors': 'True', 'use_experimental_parser': 'False', 'no_print': 'None', 'quiet': 'False', 'warn_error_options': 'WarnErrorOptions(include=[], exclude=[])', 'static_parser': 'True', 'invocation_command': 'dbt debug', 'log_format': 'default', 'target_path': 'None', 'introspect': 'True', 'send_anonymous_usage_stats': 'True'}
[0m17:30:35.892696 [info ] [MainThread]: dbt version: 1.7.4
[0m17:30:35.892900 [info ] [MainThread]: python version: 3.9.6
[0m17:30:35.893071 [info ] [MainThread]: python path: /Users/arielsoothy/PycharmProjects/dbt_ods/.venv/bin/python
[0m17:30:35.893246 [info ] [MainThread]: os info: macOS-13.6-arm64-arm-64bit
[0m17:30:35.961863 [info ] [MainThread]: Using profiles dir at /Users/arielsoothy/PycharmProjects/dbt_ods
[0m17:30:35.962237 [info ] [MainThread]: Using profiles.yml file at /Users/arielsoothy/PycharmProjects/dbt_ods/profiles.yml
[0m17:30:35.962438 [info ] [MainThread]: Using dbt_project.yml file at /Users/arielsoothy/PycharmProjects/dbt_ods/dbt_project.yml
[0m17:30:35.962634 [info ] [MainThread]: adapter type: singlestore
[0m17:30:35.962806 [info ] [MainThread]: adapter version: 1.6.0
[0m17:30:36.008925 [info ] [MainThread]: Configuration:
[0m17:30:36.009306 [info ] [MainThread]:   profiles.yml file [[32mOK found and valid[0m]
[0m17:30:36.009498 [info ] [MainThread]:   dbt_project.yml file [[32mOK found and valid[0m]
[0m17:30:36.009673 [info ] [MainThread]: Required dependencies:
[0m17:30:36.010085 [debug] [MainThread]: Executing "git --help"
[0m17:30:36.041890 [debug] [MainThread]: STDOUT: "b"usage: git [-v | --version] [-h | --help] [-C <path>] [-c <name>=<value>]\n           [--exec-path[=<path>]] [--html-path] [--man-path] [--info-path]\n           [-p | --paginate | -P | --no-pager] [--no-replace-objects] [--bare]\n           [--git-dir=<path>] [--work-tree=<path>] [--namespace=<name>]\n           [--super-prefix=<path>] [--config-env=<name>=<envvar>]\n           <command> [<args>]\n\nThese are common Git commands used in various situations:\n\nstart a working area (see also: git help tutorial)\n   clone     Clone a repository into a new directory\n   init      Create an empty Git repository or reinitialize an existing one\n\nwork on the current change (see also: git help everyday)\n   add       Add file contents to the index\n   mv        Move or rename a file, a directory, or a symlink\n   restore   Restore working tree files\n   rm        Remove files from the working tree and from the index\n\nexamine the history and state (see also: git help revisions)\n   bisect    Use binary search to find the commit that introduced a bug\n   diff      Show changes between commits, commit and working tree, etc\n   grep      Print lines matching a pattern\n   log       Show commit logs\n   show      Show various types of objects\n   status    Show the working tree status\n\ngrow, mark and tweak your common history\n   branch    List, create, or delete branches\n   commit    Record changes to the repository\n   merge     Join two or more development histories together\n   rebase    Reapply commits on top of another base tip\n   reset     Reset current HEAD to the specified state\n   switch    Switch branches\n   tag       Create, list, delete or verify a tag object signed with GPG\n\ncollaborate (see also: git help workflows)\n   fetch     Download objects and refs from another repository\n   pull      Fetch from and integrate with another repository or a local branch\n   push      Update remote refs along with associated objects\n\n'git help -a' and 'git help -g' list available subcommands and some\nconcept guides. See 'git help <command>' or 'git help <concept>'\nto read about a specific subcommand or concept.\nSee 'git help git' for an overview of the system.\n""
[0m17:30:36.042522 [debug] [MainThread]: STDERR: "b''"
[0m17:30:36.042776 [info ] [MainThread]:  - git [[32mOK found[0m]

[0m17:30:36.042985 [info ] [MainThread]: Connection:
[0m17:30:36.043215 [info ] [MainThread]:   host: dev-tlv-memagg01.gw-4u.com
[0m17:30:36.043415 [info ] [MainThread]:   port: 3306
[0m17:30:36.043664 [info ] [MainThread]:   user: dev_user
[0m17:30:36.043841 [info ] [MainThread]:   database: ods
[0m17:30:36.044014 [info ] [MainThread]:   schema: ods
[0m17:30:36.044328 [info ] [MainThread]: Registered adapter: singlestore=1.6.0
[0m17:30:36.048663 [debug] [MainThread]: Acquiring new singlestore connection 'debug'
[0m17:30:36.049320 [debug] [MainThread]: Using singlestore connection "debug"
[0m17:30:36.049535 [debug] [MainThread]: On debug: select 1 as id
[0m17:30:36.049749 [debug] [MainThread]: Opening a new connection, currently in state init
[0m17:30:36.371484 [debug] [MainThread]: SQL status: OK. Rows affected: 1 in 0.0 seconds
[0m17:30:36.372531 [debug] [MainThread]: On debug: Close
[0m17:30:36.372873 [info ] [MainThread]:   Connection test: [[32mOK connection ok[0m]

[0m17:30:36.373096 [info ] [MainThread]: [32mAll checks passed![0m
[0m17:30:36.375019 [debug] [MainThread]: Resource report: {"command_name": "debug", "command_success": true, "command_wall_clock_time": 0.52587134, "process_user_time": 1.298868, "process_kernel_time": 0.193063, "process_mem_max_rss": "105545728", "process_in_blocks": "0", "process_out_blocks": "0"}
[0m17:30:36.375371 [debug] [MainThread]: Command `dbt debug` succeeded at 17:30:36.375294 after 0.53 seconds
[0m17:30:36.375568 [debug] [MainThread]: Connection 'debug' was properly closed.
[0m17:30:36.376211 [debug] [MainThread]: Sending event: {'category': 'dbt', 'action': 'invocation', 'label': 'end', 'context': [<snowplow_tracker.self_describing_json.SelfDescribingJson object at 0x11285f190>, <snowplow_tracker.self_describing_json.SelfDescribingJson object at 0x114cec910>, <snowplow_tracker.self_describing_json.SelfDescribingJson object at 0x114cec970>]}
[0m17:30:36.376476 [debug] [MainThread]: Flushing usage events
[0m10:17:03.451283 [debug] [MainThread]: Sending event: {'category': 'dbt', 'action': 'invocation', 'label': 'start', 'context': [<snowplow_tracker.self_describing_json.SelfDescribingJson object at 0x104fdf8e0>, <snowplow_tracker.self_describing_json.SelfDescribingJson object at 0x106f73100>, <snowplow_tracker.self_describing_json.SelfDescribingJson object at 0x106f42460>]}


============================== 10:17:03.464022 | 0a178be1-e594-430c-845d-bba611a39739 ==============================
[0m10:17:03.464022 [info ] [MainThread]: Running with dbt=1.7.4
[0m10:17:03.464510 [debug] [MainThread]: running dbt with arguments {'printer_width': '80', 'indirect_selection': 'eager', 'write_json': 'True', 'log_cache_events': 'False', 'partial_parse': 'True', 'cache_selected_only': 'False', 'warn_error': 'None', 'version_check': 'True', 'debug': 'False', 'log_path': '/Users/arielsoothy/PycharmProjects/dbt_ods/logs', 'profiles_dir': '/Users/arielsoothy/PycharmProjects/dbt_ods', 'fail_fast': 'False', 'use_colors': 'True', 'use_experimental_parser': 'False', 'no_print': 'None', 'quiet': 'False', 'log_format': 'default', 'introspect': 'True', 'warn_error_options': 'WarnErrorOptions(include=[], exclude=[])', 'static_parser': 'True', 'target_path': 'None', 'invocation_command': 'dbt debug', 'send_anonymous_usage_stats': 'True'}
[0m10:17:03.464940 [info ] [MainThread]: dbt version: 1.7.4
[0m10:17:03.465135 [info ] [MainThread]: python version: 3.9.6
[0m10:17:03.465313 [info ] [MainThread]: python path: /Users/arielsoothy/PycharmProjects/dbt_ods/.venv/bin/python
[0m10:17:03.465488 [info ] [MainThread]: os info: macOS-13.6-arm64-arm-64bit
[0m10:17:03.532868 [info ] [MainThread]: Using profiles dir at /Users/arielsoothy/PycharmProjects/dbt_ods
[0m10:17:03.533259 [info ] [MainThread]: Using profiles.yml file at /Users/arielsoothy/PycharmProjects/dbt_ods/profiles.yml
[0m10:17:03.533462 [info ] [MainThread]: Using dbt_project.yml file at /Users/arielsoothy/PycharmProjects/dbt_ods/dbt_project.yml
[0m10:17:03.533663 [info ] [MainThread]: adapter type: singlestore
[0m10:17:03.533998 [info ] [MainThread]: adapter version: 1.6.0
[0m10:17:03.580612 [info ] [MainThread]: Configuration:
[0m10:17:03.580933 [info ] [MainThread]:   profiles.yml file [[32mOK found and valid[0m]
[0m10:17:03.581114 [info ] [MainThread]:   dbt_project.yml file [[32mOK found and valid[0m]
[0m10:17:03.581287 [info ] [MainThread]: Required dependencies:
[0m10:17:03.581774 [debug] [MainThread]: Executing "git --help"
[0m10:17:03.622981 [debug] [MainThread]: STDOUT: "b"usage: git [-v | --version] [-h | --help] [-C <path>] [-c <name>=<value>]\n           [--exec-path[=<path>]] [--html-path] [--man-path] [--info-path]\n           [-p | --paginate | -P | --no-pager] [--no-replace-objects] [--bare]\n           [--git-dir=<path>] [--work-tree=<path>] [--namespace=<name>]\n           [--super-prefix=<path>] [--config-env=<name>=<envvar>]\n           <command> [<args>]\n\nThese are common Git commands used in various situations:\n\nstart a working area (see also: git help tutorial)\n   clone     Clone a repository into a new directory\n   init      Create an empty Git repository or reinitialize an existing one\n\nwork on the current change (see also: git help everyday)\n   add       Add file contents to the index\n   mv        Move or rename a file, a directory, or a symlink\n   restore   Restore working tree files\n   rm        Remove files from the working tree and from the index\n\nexamine the history and state (see also: git help revisions)\n   bisect    Use binary search to find the commit that introduced a bug\n   diff      Show changes between commits, commit and working tree, etc\n   grep      Print lines matching a pattern\n   log       Show commit logs\n   show      Show various types of objects\n   status    Show the working tree status\n\ngrow, mark and tweak your common history\n   branch    List, create, or delete branches\n   commit    Record changes to the repository\n   merge     Join two or more development histories together\n   rebase    Reapply commits on top of another base tip\n   reset     Reset current HEAD to the specified state\n   switch    Switch branches\n   tag       Create, list, delete or verify a tag object signed with GPG\n\ncollaborate (see also: git help workflows)\n   fetch     Download objects and refs from another repository\n   pull      Fetch from and integrate with another repository or a local branch\n   push      Update remote refs along with associated objects\n\n'git help -a' and 'git help -g' list available subcommands and some\nconcept guides. See 'git help <command>' or 'git help <concept>'\nto read about a specific subcommand or concept.\nSee 'git help git' for an overview of the system.\n""
[0m10:17:03.623676 [debug] [MainThread]: STDERR: "b''"
[0m10:17:03.623922 [info ] [MainThread]:  - git [[32mOK found[0m]

[0m10:17:03.624124 [info ] [MainThread]: Connection:
[0m10:17:03.624325 [info ] [MainThread]:   host: dev-tlv-memagg01.gw-4u.com
[0m10:17:03.624496 [info ] [MainThread]:   port: 3306
[0m10:17:03.624660 [info ] [MainThread]:   user: dev_user
[0m10:17:03.624821 [info ] [MainThread]:   database: ods
[0m10:17:03.624973 [info ] [MainThread]:   schema: ods
[0m10:17:03.625270 [info ] [MainThread]: Registered adapter: singlestore=1.6.0
[0m10:17:03.630726 [debug] [MainThread]: Acquiring new singlestore connection 'debug'
[0m10:17:03.631334 [debug] [MainThread]: Using singlestore connection "debug"
[0m10:17:03.631545 [debug] [MainThread]: On debug: select 1 as id
[0m10:17:03.631736 [debug] [MainThread]: Opening a new connection, currently in state init
[0m10:17:04.797056 [debug] [MainThread]: On debug: No close available on handle
[0m10:17:04.797586 [info ] [MainThread]:   Connection test: [[31mERROR[0m]

[0m10:17:04.797952 [info ] [MainThread]: [31m1 check failed:[0m
[0m10:17:04.798284 [info ] [MainThread]: dbt was unable to connect to the specified database.
The database returned the following error:

  >Runtime Error
  Database Error
    2003: Can't connect to MySQL server on 'dev-tlv-memagg01.gw-4u.com' ([Errno 8] nodename nor servname provided, or not known)

Check your database credentials and try again. For more information, visit:
https://docs.getdbt.com/docs/configure-your-profile


[0m10:17:04.800807 [debug] [MainThread]: Resource report: {"command_name": "debug", "command_wall_clock_time": 1.3993816, "process_user_time": 1.362266, "process_kernel_time": 0.254799, "process_mem_max_rss": "105660416", "command_success": false, "process_in_blocks": "0", "process_out_blocks": "0"}
[0m10:17:04.801275 [debug] [MainThread]: Command `dbt debug` failed at 10:17:04.801167 after 1.40 seconds
[0m10:17:04.801566 [debug] [MainThread]: Connection 'debug' was properly closed.
[0m10:17:04.801837 [debug] [MainThread]: Sending event: {'category': 'dbt', 'action': 'invocation', 'label': 'end', 'context': [<snowplow_tracker.self_describing_json.SelfDescribingJson object at 0x104fdf8e0>, <snowplow_tracker.self_describing_json.SelfDescribingJson object at 0x107412be0>, <snowplow_tracker.self_describing_json.SelfDescribingJson object at 0x107412c10>]}
[0m10:17:04.802129 [debug] [MainThread]: Flushing usage events
[0m10:17:54.082266 [debug] [MainThread]: Sending event: {'category': 'dbt', 'action': 'invocation', 'label': 'start', 'context': [<snowplow_tracker.self_describing_json.SelfDescribingJson object at 0x102bd0e50>, <snowplow_tracker.self_describing_json.SelfDescribingJson object at 0x1059334f0>, <snowplow_tracker.self_describing_json.SelfDescribingJson object at 0x1059332e0>]}


============================== 10:17:54.085772 | 45c0e4d4-0f80-4d69-bc96-49c09394c758 ==============================
[0m10:17:54.085772 [info ] [MainThread]: Running with dbt=1.7.4
[0m10:17:54.086128 [debug] [MainThread]: running dbt with arguments {'printer_width': '80', 'indirect_selection': 'eager', 'write_json': 'True', 'log_cache_events': 'False', 'partial_parse': 'True', 'cache_selected_only': 'False', 'profiles_dir': '/Users/arielsoothy/PycharmProjects/dbt_ods', 'version_check': 'True', 'debug': 'False', 'log_path': '/Users/arielsoothy/PycharmProjects/dbt_ods/logs', 'warn_error': 'None', 'fail_fast': 'False', 'use_colors': 'True', 'use_experimental_parser': 'False', 'no_print': 'None', 'quiet': 'False', 'log_format': 'default', 'introspect': 'True', 'warn_error_options': 'WarnErrorOptions(include=[], exclude=[])', 'invocation_command': 'dbt debug', 'target_path': 'None', 'static_parser': 'True', 'send_anonymous_usage_stats': 'True'}
[0m10:17:54.086503 [info ] [MainThread]: dbt version: 1.7.4
[0m10:17:54.086695 [info ] [MainThread]: python version: 3.9.6
[0m10:17:54.086864 [info ] [MainThread]: python path: /Users/arielsoothy/PycharmProjects/dbt_ods/.venv/bin/python
[0m10:17:54.087027 [info ] [MainThread]: os info: macOS-13.6-arm64-arm-64bit
[0m10:17:54.155736 [info ] [MainThread]: Using profiles dir at /Users/arielsoothy/PycharmProjects/dbt_ods
[0m10:17:54.156121 [info ] [MainThread]: Using profiles.yml file at /Users/arielsoothy/PycharmProjects/dbt_ods/profiles.yml
[0m10:17:54.156333 [info ] [MainThread]: Using dbt_project.yml file at /Users/arielsoothy/PycharmProjects/dbt_ods/dbt_project.yml
[0m10:17:54.156530 [info ] [MainThread]: adapter type: singlestore
[0m10:17:54.156707 [info ] [MainThread]: adapter version: 1.6.0
[0m10:17:54.201208 [info ] [MainThread]: Configuration:
[0m10:17:54.201560 [info ] [MainThread]:   profiles.yml file [[32mOK found and valid[0m]
[0m10:17:54.201756 [info ] [MainThread]:   dbt_project.yml file [[32mOK found and valid[0m]
[0m10:17:54.201925 [info ] [MainThread]: Required dependencies:
[0m10:17:54.202443 [debug] [MainThread]: Executing "git --help"
[0m10:17:54.254696 [debug] [MainThread]: STDOUT: "b"usage: git [-v | --version] [-h | --help] [-C <path>] [-c <name>=<value>]\n           [--exec-path[=<path>]] [--html-path] [--man-path] [--info-path]\n           [-p | --paginate | -P | --no-pager] [--no-replace-objects] [--bare]\n           [--git-dir=<path>] [--work-tree=<path>] [--namespace=<name>]\n           [--super-prefix=<path>] [--config-env=<name>=<envvar>]\n           <command> [<args>]\n\nThese are common Git commands used in various situations:\n\nstart a working area (see also: git help tutorial)\n   clone     Clone a repository into a new directory\n   init      Create an empty Git repository or reinitialize an existing one\n\nwork on the current change (see also: git help everyday)\n   add       Add file contents to the index\n   mv        Move or rename a file, a directory, or a symlink\n   restore   Restore working tree files\n   rm        Remove files from the working tree and from the index\n\nexamine the history and state (see also: git help revisions)\n   bisect    Use binary search to find the commit that introduced a bug\n   diff      Show changes between commits, commit and working tree, etc\n   grep      Print lines matching a pattern\n   log       Show commit logs\n   show      Show various types of objects\n   status    Show the working tree status\n\ngrow, mark and tweak your common history\n   branch    List, create, or delete branches\n   commit    Record changes to the repository\n   merge     Join two or more development histories together\n   rebase    Reapply commits on top of another base tip\n   reset     Reset current HEAD to the specified state\n   switch    Switch branches\n   tag       Create, list, delete or verify a tag object signed with GPG\n\ncollaborate (see also: git help workflows)\n   fetch     Download objects and refs from another repository\n   pull      Fetch from and integrate with another repository or a local branch\n   push      Update remote refs along with associated objects\n\n'git help -a' and 'git help -g' list available subcommands and some\nconcept guides. See 'git help <command>' or 'git help <concept>'\nto read about a specific subcommand or concept.\nSee 'git help git' for an overview of the system.\n""
[0m10:17:54.255311 [debug] [MainThread]: STDERR: "b''"
[0m10:17:54.255538 [info ] [MainThread]:  - git [[32mOK found[0m]

[0m10:17:54.255740 [info ] [MainThread]: Connection:
[0m10:17:54.255960 [info ] [MainThread]:   host: dev-tlv-memagg01.gw-4u.com
[0m10:17:54.256130 [info ] [MainThread]:   port: 3306
[0m10:17:54.256293 [info ] [MainThread]:   user: dev_user
[0m10:17:54.256529 [info ] [MainThread]:   database: ods
[0m10:17:54.256747 [info ] [MainThread]:   schema: ods
[0m10:17:54.257143 [info ] [MainThread]: Registered adapter: singlestore=1.6.0
[0m10:17:54.261344 [debug] [MainThread]: Acquiring new singlestore connection 'debug'
[0m10:17:54.262186 [debug] [MainThread]: Using singlestore connection "debug"
[0m10:17:54.262587 [debug] [MainThread]: On debug: select 1 as id
[0m10:17:54.263093 [debug] [MainThread]: Opening a new connection, currently in state init
[0m10:17:54.818110 [debug] [MainThread]: SQL status: OK. Rows affected: 1 in 1.0 seconds
[0m10:17:54.823459 [debug] [MainThread]: On debug: Close
[0m10:17:54.824335 [info ] [MainThread]:   Connection test: [[32mOK connection ok[0m]

[0m10:17:54.824767 [info ] [MainThread]: [32mAll checks passed![0m
[0m10:17:54.828246 [debug] [MainThread]: Resource report: {"command_name": "debug", "command_success": true, "command_wall_clock_time": 0.7873145, "process_user_time": 1.303696, "process_kernel_time": 0.200537, "process_mem_max_rss": "103841792", "process_in_blocks": "0", "process_out_blocks": "0"}
[0m10:17:54.828860 [debug] [MainThread]: Command `dbt debug` succeeded at 10:17:54.828724 after 0.79 seconds
[0m10:17:54.829268 [debug] [MainThread]: Connection 'debug' was properly closed.
[0m10:17:54.830319 [debug] [MainThread]: Sending event: {'category': 'dbt', 'action': 'invocation', 'label': 'end', 'context': [<snowplow_tracker.self_describing_json.SelfDescribingJson object at 0x102bd0e50>, <snowplow_tracker.self_describing_json.SelfDescribingJson object at 0x105c6bc70>, <snowplow_tracker.self_describing_json.SelfDescribingJson object at 0x105c6b940>]}
[0m10:17:54.830838 [debug] [MainThread]: Flushing usage events
[0m12:04:42.293429 [debug] [MainThread]: Sending event: {'category': 'dbt', 'action': 'invocation', 'label': 'start', 'context': [<snowplow_tracker.self_describing_json.SelfDescribingJson object at 0x10720de50>, <snowplow_tracker.self_describing_json.SelfDescribingJson object at 0x11a2734f0>, <snowplow_tracker.self_describing_json.SelfDescribingJson object at 0x11a2732e0>]}


============================== 12:04:42.298064 | 232d5aad-a450-456f-9bdc-36eb48196410 ==============================
[0m12:04:42.298064 [info ] [MainThread]: Running with dbt=1.7.4
[0m12:04:42.298413 [debug] [MainThread]: running dbt with arguments {'printer_width': '80', 'indirect_selection': 'eager', 'log_cache_events': 'False', 'write_json': 'True', 'partial_parse': 'True', 'cache_selected_only': 'False', 'profiles_dir': '/Users/arielsoothy/PycharmProjects/dbt_ods', 'version_check': 'True', 'debug': 'False', 'log_path': '/Users/arielsoothy/PycharmProjects/dbt_ods/logs', 'fail_fast': 'False', 'warn_error': 'None', 'use_colors': 'True', 'use_experimental_parser': 'False', 'no_print': 'None', 'quiet': 'False', 'warn_error_options': 'WarnErrorOptions(include=[], exclude=[])', 'introspect': 'True', 'static_parser': 'True', 'invocation_command': 'dbt debug', 'target_path': 'None', 'log_format': 'default', 'send_anonymous_usage_stats': 'True'}
[0m12:04:42.298780 [info ] [MainThread]: dbt version: 1.7.4
[0m12:04:42.298972 [info ] [MainThread]: python version: 3.9.6
[0m12:04:42.299153 [info ] [MainThread]: python path: /Users/arielsoothy/PycharmProjects/dbt_ods/.venv/bin/python
[0m12:04:42.299325 [info ] [MainThread]: os info: macOS-13.6-arm64-arm-64bit
[0m12:04:42.375345 [info ] [MainThread]: Using profiles dir at /Users/arielsoothy/PycharmProjects/dbt_ods
[0m12:04:42.375715 [info ] [MainThread]: Using profiles.yml file at /Users/arielsoothy/PycharmProjects/dbt_ods/profiles.yml
[0m12:04:42.375910 [info ] [MainThread]: Using dbt_project.yml file at /Users/arielsoothy/PycharmProjects/dbt_ods/dbt_project.yml
[0m12:04:42.376097 [info ] [MainThread]: adapter type: singlestore
[0m12:04:42.376268 [info ] [MainThread]: adapter version: 1.6.0
[0m12:04:42.421683 [info ] [MainThread]: Configuration:
[0m12:04:42.422085 [info ] [MainThread]:   profiles.yml file [[32mOK found and valid[0m]
[0m12:04:42.422279 [info ] [MainThread]:   dbt_project.yml file [[32mOK found and valid[0m]
[0m12:04:42.422478 [info ] [MainThread]: Required dependencies:
[0m12:04:42.423381 [debug] [MainThread]: Executing "git --help"
[0m12:04:42.460501 [debug] [MainThread]: STDOUT: "b"usage: git [-v | --version] [-h | --help] [-C <path>] [-c <name>=<value>]\n           [--exec-path[=<path>]] [--html-path] [--man-path] [--info-path]\n           [-p | --paginate | -P | --no-pager] [--no-replace-objects] [--bare]\n           [--git-dir=<path>] [--work-tree=<path>] [--namespace=<name>]\n           [--super-prefix=<path>] [--config-env=<name>=<envvar>]\n           <command> [<args>]\n\nThese are common Git commands used in various situations:\n\nstart a working area (see also: git help tutorial)\n   clone     Clone a repository into a new directory\n   init      Create an empty Git repository or reinitialize an existing one\n\nwork on the current change (see also: git help everyday)\n   add       Add file contents to the index\n   mv        Move or rename a file, a directory, or a symlink\n   restore   Restore working tree files\n   rm        Remove files from the working tree and from the index\n\nexamine the history and state (see also: git help revisions)\n   bisect    Use binary search to find the commit that introduced a bug\n   diff      Show changes between commits, commit and working tree, etc\n   grep      Print lines matching a pattern\n   log       Show commit logs\n   show      Show various types of objects\n   status    Show the working tree status\n\ngrow, mark and tweak your common history\n   branch    List, create, or delete branches\n   commit    Record changes to the repository\n   merge     Join two or more development histories together\n   rebase    Reapply commits on top of another base tip\n   reset     Reset current HEAD to the specified state\n   switch    Switch branches\n   tag       Create, list, delete or verify a tag object signed with GPG\n\ncollaborate (see also: git help workflows)\n   fetch     Download objects and refs from another repository\n   pull      Fetch from and integrate with another repository or a local branch\n   push      Update remote refs along with associated objects\n\n'git help -a' and 'git help -g' list available subcommands and some\nconcept guides. See 'git help <command>' or 'git help <concept>'\nto read about a specific subcommand or concept.\nSee 'git help git' for an overview of the system.\n""
[0m12:04:42.461414 [debug] [MainThread]: STDERR: "b''"
[0m12:04:42.461725 [info ] [MainThread]:  - git [[32mOK found[0m]

[0m12:04:42.461960 [info ] [MainThread]: Connection:
[0m12:04:42.462235 [info ] [MainThread]:   host: dev-tlv-memagg01.gw-4u.com
[0m12:04:42.462412 [info ] [MainThread]:   port: 3306
[0m12:04:42.462580 [info ] [MainThread]:   user: dev_user
[0m12:04:42.462746 [info ] [MainThread]:   database: ods
[0m12:04:42.462913 [info ] [MainThread]:   schema: ods
[0m12:04:42.463466 [info ] [MainThread]: Registered adapter: singlestore=1.6.0
[0m12:04:42.469528 [debug] [MainThread]: Acquiring new singlestore connection 'debug'
[0m12:04:42.470307 [debug] [MainThread]: Using singlestore connection "debug"
[0m12:04:42.470517 [debug] [MainThread]: On debug: select 1 as id
[0m12:04:42.470713 [debug] [MainThread]: Opening a new connection, currently in state init
[0m12:04:42.881850 [debug] [MainThread]: SQL status: OK. Rows affected: 1 in 0.0 seconds
[0m12:04:42.883227 [debug] [MainThread]: On debug: Close
[0m12:04:42.883709 [info ] [MainThread]:   Connection test: [[32mOK connection ok[0m]

[0m12:04:42.884044 [info ] [MainThread]: [32mAll checks passed![0m
[0m12:04:42.886559 [debug] [MainThread]: Resource report: {"command_name": "debug", "command_success": true, "command_wall_clock_time": 0.6367435, "process_user_time": 1.354272, "process_kernel_time": 0.239184, "process_mem_max_rss": "106037248", "process_in_blocks": "0", "process_out_blocks": "0"}
[0m12:04:42.887554 [debug] [MainThread]: Command `dbt debug` succeeded at 12:04:42.887268 after 0.64 seconds
[0m12:04:42.888100 [debug] [MainThread]: Connection 'debug' was properly closed.
[0m12:04:42.889180 [debug] [MainThread]: Sending event: {'category': 'dbt', 'action': 'invocation', 'label': 'end', 'context': [<snowplow_tracker.self_describing_json.SelfDescribingJson object at 0x10720de50>, <snowplow_tracker.self_describing_json.SelfDescribingJson object at 0x11a6acc70>, <snowplow_tracker.self_describing_json.SelfDescribingJson object at 0x11a6ac940>]}
[0m12:04:42.889692 [debug] [MainThread]: Flushing usage events
[0m12:22:52.424144 [debug] [MainThread]: Sending event: {'category': 'dbt', 'action': 'invocation', 'label': 'start', 'context': [<snowplow_tracker.self_describing_json.SelfDescribingJson object at 0x1036df1c0>, <snowplow_tracker.self_describing_json.SelfDescribingJson object at 0x10600d1f0>, <snowplow_tracker.self_describing_json.SelfDescribingJson object at 0x10600d730>]}


============================== 12:22:52.427762 | b31bb05b-1aa6-4031-9597-337d9d7ee71e ==============================
[0m12:22:52.427762 [info ] [MainThread]: Running with dbt=1.7.4
[0m12:22:52.428106 [debug] [MainThread]: running dbt with arguments {'printer_width': '80', 'indirect_selection': 'eager', 'log_cache_events': 'False', 'write_json': 'True', 'partial_parse': 'True', 'cache_selected_only': 'False', 'warn_error': 'None', 'debug': 'False', 'version_check': 'True', 'log_path': '/Users/arielsoothy/PycharmProjects/dbt_ods/logs', 'profiles_dir': '/Users/arielsoothy/PycharmProjects/dbt_ods', 'fail_fast': 'False', 'use_colors': 'True', 'use_experimental_parser': 'False', 'no_print': 'None', 'quiet': 'False', 'warn_error_options': 'WarnErrorOptions(include=[], exclude=[])', 'invocation_command': 'dbt debug', 'static_parser': 'True', 'log_format': 'default', 'target_path': 'None', 'introspect': 'True', 'send_anonymous_usage_stats': 'True'}
[0m12:22:52.428489 [info ] [MainThread]: dbt version: 1.7.4
[0m12:22:52.428684 [info ] [MainThread]: python version: 3.9.6
[0m12:22:52.428857 [info ] [MainThread]: python path: /Users/arielsoothy/PycharmProjects/dbt_ods/.venv/bin/python
[0m12:22:52.429028 [info ] [MainThread]: os info: macOS-13.6-arm64-arm-64bit
[0m12:22:52.503261 [info ] [MainThread]: Using profiles dir at /Users/arielsoothy/PycharmProjects/dbt_ods
[0m12:22:52.503588 [info ] [MainThread]: Using profiles.yml file at /Users/arielsoothy/PycharmProjects/dbt_ods/profiles.yml
[0m12:22:52.503776 [info ] [MainThread]: Using dbt_project.yml file at /Users/arielsoothy/PycharmProjects/dbt_ods/dbt_project.yml
[0m12:22:52.503962 [info ] [MainThread]: adapter type: singlestore
[0m12:22:52.504129 [info ] [MainThread]: adapter version: 1.6.0
[0m12:22:52.546857 [info ] [MainThread]: Configuration:
[0m12:22:52.547208 [info ] [MainThread]:   profiles.yml file [[32mOK found and valid[0m]
[0m12:22:52.547391 [info ] [MainThread]:   dbt_project.yml file [[32mOK found and valid[0m]
[0m12:22:52.547560 [info ] [MainThread]: Required dependencies:
[0m12:22:52.548114 [debug] [MainThread]: Executing "git --help"
[0m12:22:52.590749 [debug] [MainThread]: STDOUT: "b"usage: git [-v | --version] [-h | --help] [-C <path>] [-c <name>=<value>]\n           [--exec-path[=<path>]] [--html-path] [--man-path] [--info-path]\n           [-p | --paginate | -P | --no-pager] [--no-replace-objects] [--bare]\n           [--git-dir=<path>] [--work-tree=<path>] [--namespace=<name>]\n           [--super-prefix=<path>] [--config-env=<name>=<envvar>]\n           <command> [<args>]\n\nThese are common Git commands used in various situations:\n\nstart a working area (see also: git help tutorial)\n   clone     Clone a repository into a new directory\n   init      Create an empty Git repository or reinitialize an existing one\n\nwork on the current change (see also: git help everyday)\n   add       Add file contents to the index\n   mv        Move or rename a file, a directory, or a symlink\n   restore   Restore working tree files\n   rm        Remove files from the working tree and from the index\n\nexamine the history and state (see also: git help revisions)\n   bisect    Use binary search to find the commit that introduced a bug\n   diff      Show changes between commits, commit and working tree, etc\n   grep      Print lines matching a pattern\n   log       Show commit logs\n   show      Show various types of objects\n   status    Show the working tree status\n\ngrow, mark and tweak your common history\n   branch    List, create, or delete branches\n   commit    Record changes to the repository\n   merge     Join two or more development histories together\n   rebase    Reapply commits on top of another base tip\n   reset     Reset current HEAD to the specified state\n   switch    Switch branches\n   tag       Create, list, delete or verify a tag object signed with GPG\n\ncollaborate (see also: git help workflows)\n   fetch     Download objects and refs from another repository\n   pull      Fetch from and integrate with another repository or a local branch\n   push      Update remote refs along with associated objects\n\n'git help -a' and 'git help -g' list available subcommands and some\nconcept guides. See 'git help <command>' or 'git help <concept>'\nto read about a specific subcommand or concept.\nSee 'git help git' for an overview of the system.\n""
[0m12:22:52.591316 [debug] [MainThread]: STDERR: "b''"
[0m12:22:52.591561 [info ] [MainThread]:  - git [[32mOK found[0m]

[0m12:22:52.591768 [info ] [MainThread]: Connection:
[0m12:22:52.592018 [info ] [MainThread]:   host: dev-tlv-memagg01.gw-4u.com
[0m12:22:52.592190 [info ] [MainThread]:   port: 3306
[0m12:22:52.592354 [info ] [MainThread]:   user: dev_user
[0m12:22:52.592517 [info ] [MainThread]:   database: ods
[0m12:22:52.592678 [info ] [MainThread]:   schema: ods
[0m12:22:52.592998 [info ] [MainThread]: Registered adapter: singlestore=1.6.0
[0m12:22:52.598252 [debug] [MainThread]: Acquiring new singlestore connection 'debug'
[0m12:22:52.599052 [debug] [MainThread]: Using singlestore connection "debug"
[0m12:22:52.599252 [debug] [MainThread]: On debug: select 1 as id
[0m12:22:52.599442 [debug] [MainThread]: Opening a new connection, currently in state init
[0m12:22:52.838830 [debug] [MainThread]: SQL status: OK. Rows affected: 1 in 0.0 seconds
[0m12:22:52.840004 [debug] [MainThread]: On debug: Close
[0m12:22:52.840383 [info ] [MainThread]:   Connection test: [[32mOK connection ok[0m]

[0m12:22:52.840635 [info ] [MainThread]: [32mAll checks passed![0m
[0m12:22:52.843565 [debug] [MainThread]: Resource report: {"command_name": "debug", "command_success": true, "command_wall_clock_time": 0.46038416, "process_user_time": 1.272667, "process_kernel_time": 0.206623, "process_mem_max_rss": "103514112", "process_in_blocks": "0", "process_out_blocks": "0"}
[0m12:22:52.843982 [debug] [MainThread]: Command `dbt debug` succeeded at 12:22:52.843882 after 0.46 seconds
[0m12:22:52.844241 [debug] [MainThread]: Connection 'debug' was properly closed.
[0m12:22:52.844971 [debug] [MainThread]: Sending event: {'category': 'dbt', 'action': 'invocation', 'label': 'end', 'context': [<snowplow_tracker.self_describing_json.SelfDescribingJson object at 0x1036df1c0>, <snowplow_tracker.self_describing_json.SelfDescribingJson object at 0x106440790>, <snowplow_tracker.self_describing_json.SelfDescribingJson object at 0x1064406a0>]}
[0m12:22:52.845284 [debug] [MainThread]: Flushing usage events
[0m12:41:59.182077 [debug] [MainThread]: Sending event: {'category': 'dbt', 'action': 'invocation', 'label': 'start', 'context': [<snowplow_tracker.self_describing_json.SelfDescribingJson object at 0x10871f1c0>, <snowplow_tracker.self_describing_json.SelfDescribingJson object at 0x10a64d1f0>, <snowplow_tracker.self_describing_json.SelfDescribingJson object at 0x10a64d730>]}


============================== 12:41:59.186948 | 232569b3-463b-441b-8ba0-9c1d1e1793ac ==============================
[0m12:41:59.186948 [info ] [MainThread]: Running with dbt=1.7.4
[0m12:41:59.187429 [debug] [MainThread]: running dbt with arguments {'printer_width': '80', 'indirect_selection': 'eager', 'log_cache_events': 'False', 'write_json': 'True', 'partial_parse': 'True', 'cache_selected_only': 'False', 'profiles_dir': '/Users/arielsoothy/PycharmProjects/dbt_ods', 'version_check': 'True', 'warn_error': 'None', 'log_path': '/Users/arielsoothy/PycharmProjects/dbt_ods/logs', 'debug': 'False', 'fail_fast': 'False', 'use_colors': 'True', 'use_experimental_parser': 'False', 'no_print': 'None', 'quiet': 'False', 'log_format': 'default', 'introspect': 'True', 'static_parser': 'True', 'warn_error_options': 'WarnErrorOptions(include=[], exclude=[])', 'target_path': 'None', 'invocation_command': 'dbt debug', 'send_anonymous_usage_stats': 'True'}
[0m12:41:59.188053 [info ] [MainThread]: dbt version: 1.7.4
[0m12:41:59.188264 [info ] [MainThread]: python version: 3.9.6
[0m12:41:59.188434 [info ] [MainThread]: python path: /Users/arielsoothy/PycharmProjects/dbt_ods/.venv/bin/python
[0m12:41:59.188601 [info ] [MainThread]: os info: macOS-13.6-arm64-arm-64bit
[0m12:41:59.273500 [info ] [MainThread]: Using profiles dir at /Users/arielsoothy/PycharmProjects/dbt_ods
[0m12:41:59.273880 [info ] [MainThread]: Using profiles.yml file at /Users/arielsoothy/PycharmProjects/dbt_ods/profiles.yml
[0m12:41:59.274076 [info ] [MainThread]: Using dbt_project.yml file at /Users/arielsoothy/PycharmProjects/dbt_ods/dbt_project.yml
[0m12:41:59.274286 [info ] [MainThread]: adapter type: singlestore
[0m12:41:59.274463 [info ] [MainThread]: adapter version: 1.6.0
[0m12:41:59.321691 [info ] [MainThread]: Configuration:
[0m12:41:59.322042 [info ] [MainThread]:   profiles.yml file [[32mOK found and valid[0m]
[0m12:41:59.322224 [info ] [MainThread]:   dbt_project.yml file [[32mOK found and valid[0m]
[0m12:41:59.322393 [info ] [MainThread]: Required dependencies:
[0m12:41:59.322869 [debug] [MainThread]: Executing "git --help"
[0m12:41:59.370755 [debug] [MainThread]: STDOUT: "b"usage: git [-v | --version] [-h | --help] [-C <path>] [-c <name>=<value>]\n           [--exec-path[=<path>]] [--html-path] [--man-path] [--info-path]\n           [-p | --paginate | -P | --no-pager] [--no-replace-objects] [--bare]\n           [--git-dir=<path>] [--work-tree=<path>] [--namespace=<name>]\n           [--super-prefix=<path>] [--config-env=<name>=<envvar>]\n           <command> [<args>]\n\nThese are common Git commands used in various situations:\n\nstart a working area (see also: git help tutorial)\n   clone     Clone a repository into a new directory\n   init      Create an empty Git repository or reinitialize an existing one\n\nwork on the current change (see also: git help everyday)\n   add       Add file contents to the index\n   mv        Move or rename a file, a directory, or a symlink\n   restore   Restore working tree files\n   rm        Remove files from the working tree and from the index\n\nexamine the history and state (see also: git help revisions)\n   bisect    Use binary search to find the commit that introduced a bug\n   diff      Show changes between commits, commit and working tree, etc\n   grep      Print lines matching a pattern\n   log       Show commit logs\n   show      Show various types of objects\n   status    Show the working tree status\n\ngrow, mark and tweak your common history\n   branch    List, create, or delete branches\n   commit    Record changes to the repository\n   merge     Join two or more development histories together\n   rebase    Reapply commits on top of another base tip\n   reset     Reset current HEAD to the specified state\n   switch    Switch branches\n   tag       Create, list, delete or verify a tag object signed with GPG\n\ncollaborate (see also: git help workflows)\n   fetch     Download objects and refs from another repository\n   pull      Fetch from and integrate with another repository or a local branch\n   push      Update remote refs along with associated objects\n\n'git help -a' and 'git help -g' list available subcommands and some\nconcept guides. See 'git help <command>' or 'git help <concept>'\nto read about a specific subcommand or concept.\nSee 'git help git' for an overview of the system.\n""
[0m12:41:59.371675 [debug] [MainThread]: STDERR: "b''"
[0m12:41:59.371949 [info ] [MainThread]:  - git [[32mOK found[0m]

[0m12:41:59.372187 [info ] [MainThread]: Connection:
[0m12:41:59.372444 [info ] [MainThread]:   host: dev-tlv-memagg01.gw-4u.com
[0m12:41:59.372622 [info ] [MainThread]:   port: 3306
[0m12:41:59.372794 [info ] [MainThread]:   user: dev_user
[0m12:41:59.372960 [info ] [MainThread]:   database: ods
[0m12:41:59.373134 [info ] [MainThread]:   schema: ods
[0m12:41:59.373497 [info ] [MainThread]: Registered adapter: singlestore=1.6.0
[0m12:41:59.380992 [debug] [MainThread]: Acquiring new singlestore connection 'debug'
[0m12:41:59.381846 [debug] [MainThread]: Using singlestore connection "debug"
[0m12:41:59.382097 [debug] [MainThread]: On debug: select 1 as id
[0m12:41:59.382433 [debug] [MainThread]: Opening a new connection, currently in state init
[0m12:42:00.446255 [debug] [MainThread]: SQL status: OK. Rows affected: 1 in 1.0 seconds
[0m12:42:00.448064 [debug] [MainThread]: On debug: Close
[0m12:42:00.448680 [info ] [MainThread]:   Connection test: [[32mOK connection ok[0m]

[0m12:42:00.449224 [info ] [MainThread]: [32mAll checks passed![0m
[0m12:42:00.453746 [debug] [MainThread]: Resource report: {"command_name": "debug", "command_success": true, "command_wall_clock_time": 1.3201901, "process_user_time": 1.358283, "process_kernel_time": 0.26361, "process_mem_max_rss": "105644032", "process_in_blocks": "0", "process_out_blocks": "0"}
[0m12:42:00.457145 [debug] [MainThread]: Command `dbt debug` succeeded at 12:42:00.456899 after 1.32 seconds
[0m12:42:00.457673 [debug] [MainThread]: Connection 'debug' was properly closed.
[0m12:42:00.462512 [debug] [MainThread]: Sending event: {'category': 'dbt', 'action': 'invocation', 'label': 'end', 'context': [<snowplow_tracker.self_describing_json.SelfDescribingJson object at 0x10871f1c0>, <snowplow_tracker.self_describing_json.SelfDescribingJson object at 0x10aa77790>, <snowplow_tracker.self_describing_json.SelfDescribingJson object at 0x10aa776a0>]}
[0m12:42:00.466809 [debug] [MainThread]: Flushing usage events
